{
  "RSpec": {
    "coverage": {
      "/home/nmalczewsky/oo-tic-tac-toe-ruby-intro-000/lib/tic_tac_toe.rb": [
        1,
        null,
        1,
        null,
        null,
        null,
        null,
        null,
        null,
        null,
        null,
        null,
        null,
        1,
        43,
        null,
        null,
        1,
        23,
        23,
        23,
        23,
        23,
        null,
        null,
        1,
        25,
        null,
        null,
        1,
        24,
        null,
        null,
        1,
        27,
        null,
        null,
        1,
        25,
        null,
        null,
        1,
        260,
        null,
        null,
        1,
        24,
        null,
        null,
        1,
        23,
        23,
        23,
        23,
        22,
        22,
        null,
        1,
        null,
        null,
        null,
        1,
        52,
        1283,
        null,
        null,
        null,
        1,
        176,
        null,
        null,
        1,
        19,
        null,
        null,
        1,
        22,
        null,
        null,
        1,
        22,
        7,
        7,
        null,
        null,
        null,
        1,
        12,
        18,
        null,
        12,
        4,
        8,
        1,
        null,
        7,
        null,
        null,
        null
      ]
    },
    "timestamp": 1528834179
  }
}
